[    0.000000] Linux version 4.15.0-212-generic (buildd@lcy02-amd64-083) (gcc version 7.5.0 (Ubuntu 7.5.0-3ubuntu1~18.04)) #223-Ubuntu SMP Tue May 23 13:09:22 UTC 2023 (Ubuntu 4.15.0-212.223-generic 4.15.18)
[    0.000000] Command line: BOOT_IMAGE=/boot/vmlinuz-4.15.0-212-generic root=LABEL=cloudimg-rootfs ro console=tty1 console=ttyS0
[    0.000000] KERNEL supported cpus:
[    0.000000]   Intel GenuineIntel
[    0.000000]   AMD AuthenticAMD
[    0.000000]   Centaur CentaurHauls
[    0.000000] [Firmware Bug]: TSC doesn't count with P0 frequency!
[    0.000000] x86/fpu: x87 FPU will use FXSAVE
[    0.000000] e820: BIOS-provided physical RAM map:
[    0.000000] BIOS-e820: [mem 0x0000000000000000-0x000000000009fbff] usable
[    0.000000] BIOS-e820: [mem 0x000000000009fc00-0x000000000009ffff] reserved
[    0.000000] BIOS-e820: [mem 0x00000000000f0000-0x00000000000fffff] reserved
[    0.000000] BIOS-e820: [mem 0x0000000000100000-0x000000003ffeffff] usable
[    0.000000] BIOS-e820: [mem 0x000000003fff0000-0x000000003fffffff] ACPI data
[    0.000000] BIOS-e820: [mem 0x00000000fec00000-0x00000000fec00fff] reserved
[    0.000000] BIOS-e820: [mem 0x00000000fee00000-0x00000000fee00fff] reserved
[    0.000000] BIOS-e820: [mem 0x00000000fffc0000-0x00000000ffffffff] reserved
[    0.000000] NX (Execute Disable) protection: active
[    0.000000] SMBIOS 2.5 present.
[    0.000000] DMI: innotek GmbH VirtualBox/VirtualBox, BIOS VirtualBox 12/01/2006
[    0.000000] Hypervisor detected: KVM
[    0.000000] e820: last_pfn = 0x3fff0 max_arch_pfn = 0x400000000
[    0.000000] MTRR: Disabled
[    0.000000] x86/PAT: MTRRs disabled, skipping PAT initialization too.
[    0.000000] CPU MTRRs all blank - virtualized system.
[    0.000000] x86/PAT: Configuration [0-7]: WB  WT  UC- UC  WB  WT  UC- UC  
[    0.000000] found SMP MP-table at [mem 0x0009fff0-0x0009ffff]
[    0.000000] Scanning 1 areas for low memory corruption
[    0.000000] RAMDISK: [mem 0x359cb000-0x36cdcfff]
[    0.000000] ACPI: Early table checksum verification disabled
[    0.000000] ACPI: RSDP 0x00000000000E0000 000024 (v02 VBOX  )
[    0.000000] ACPI: XSDT 0x000000003FFF0030 00003C (v01 VBOX   VBOXXSDT 00000001 ASL  00000061)
[    0.000000] ACPI: FACP 0x000000003FFF00F0 0000F4 (v04 VBOX   VBOXFACP 00000001 ASL  00000061)
[    0.000000] ACPI: DSDT 0x000000003FFF0610 002353 (v02 VBOX   VBOXBIOS 00000002 INTL 20100528)
[    0.000000] ACPI: FACS 0x000000003FFF0200 000040
[    0.000000] ACPI: FACS 0x000000003FFF0200 000040
[    0.000000] ACPI: APIC 0x000000003FFF0240 00005C (v02 VBOX   VBOXAPIC 00000001 ASL  00000061)
[    0.000000] ACPI: SSDT 0x000000003FFF02A0 00036C (v01 VBOX   VBOXCPUT 00000002 INTL 20100528)
[    0.000000] ACPI: Reserving FACP table memory at [mem 0x3fff00f0-0x3fff01e3]
[    0.000000] ACPI: Reserving DSDT table memory at [mem 0x3fff0610-0x3fff2962]
[    0.000000] ACPI: Reserving FACS table memory at [mem 0x3fff0200-0x3fff023f]
[    0.000000] ACPI: Reserving FACS table memory at [mem 0x3fff0200-0x3fff023f]
[    0.000000] ACPI: Reserving APIC table memory at [mem 0x3fff0240-0x3fff029b]
[    0.000000] ACPI: Reserving SSDT table memory at [mem 0x3fff02a0-0x3fff060b]
[    0.000000] No NUMA configuration found
[    0.000000] Faking a node at [mem 0x0000000000000000-0x000000003ffeffff]
[    0.000000] NODE_DATA(0) allocated [mem 0x3ffc5000-0x3ffeffff]
[    0.000000] kvm-clock: cpu 0, msr 0:3ff44001, primary cpu clock
[    0.000000] kvm-clock: Using msrs 4b564d01 and 4b564d00
[    0.000000] kvm-clock: using sched offset of 5522970599 cycles
[    0.000000] clocksource: kvm-clock: mask: 0xffffffffffffffff max_cycles: 0x1cd42e4dffb, max_idle_ns: 881590591483 ns
[    0.000000] Zone ranges:
[    0.000000]   DMA      [mem 0x0000000000001000-0x0000000000ffffff]
[    0.000000]   DMA32    [mem 0x0000000001000000-0x000000003ffeffff]
[    0.000000]   Normal   empty
[    0.000000]   Device   empty
[    0.000000] Movable zone start for each node
[    0.000000] Early memory node ranges
[    0.000000]   node   0: [mem 0x0000000000001000-0x000000000009efff]
[    0.000000]   node   0: [mem 0x0000000000100000-0x000000003ffeffff]
[    0.000000] Reserved but unavailable: 104 pages
[    0.000000] Initmem setup node 0 [mem 0x0000000000001000-0x000000003ffeffff]
[    0.000000] ACPI: PM-Timer IO Port: 0x4008
[    0.000000] IOAPIC[0]: apic_id 2, version 32, address 0xfec00000, GSI 0-23
[    0.000000] ACPI: INT_SRC_OVR (bus 0 bus_irq 0 global_irq 2 dfl dfl)
[    0.000000] ACPI: INT_SRC_OVR (bus 0 bus_irq 9 global_irq 9 low level)
[    0.000000] Using ACPI (MADT) for SMP configuration information
[    0.000000] smpboot: Allowing 2 CPUs, 0 hotplug CPUs
[    0.000000] PM: Registered nosave memory: [mem 0x00000000-0x00000fff]
[    0.000000] PM: Registered nosave memory: [mem 0x0009f000-0x0009ffff]
[    0.000000] PM: Registered nosave memory: [mem 0x000a0000-0x000effff]
[    0.000000] PM: Registered nosave memory: [mem 0x000f0000-0x000fffff]
[    0.000000] e820: [mem 0x40000000-0xfebfffff] available for PCI devices
[    0.000000] Booting paravirtualized kernel on KVM
[    0.000000] clocksource: refined-jiffies: mask: 0xffffffff max_cycles: 0xffffffff, max_idle_ns: 7645519600211568 ns
[    0.000000] setup_percpu: NR_CPUS:8192 nr_cpumask_bits:2 nr_cpu_ids:2 nr_node_ids:1
[    0.000000] percpu: Embedded 50 pages/cpu s167936 r8192 d28672 u1048576
[    0.000000] PV qspinlock hash table entries: 256 (order: 0, 4096 bytes)
[    0.000000] Built 1 zonelists, mobility grouping on.  Total pages: 257913
[    0.000000] Policy zone: DMA32
[    0.000000] Kernel command line: BOOT_IMAGE=/boot/vmlinuz-4.15.0-212-generic root=LABEL=cloudimg-rootfs ro console=tty1 console=ttyS0
[    0.000000] Memory: 982644K/1048120K available (12300K kernel code, 2477K rwdata, 4324K rodata, 2480K init, 2720K bss, 65476K reserved, 0K cma-reserved)
[    0.000000] SLUB: HWalign=64, Order=0-3, MinObjects=0, CPUs=2, Nodes=1
[    0.000000] ftrace: allocating 39508 entries in 155 pages
[    0.004000] Hierarchical RCU implementation.
[    0.004000] 	RCU restricting CPUs from NR_CPUS=8192 to nr_cpu_ids=2.
[    0.004000] 	Tasks RCU enabled.
[    0.004000] RCU: Adjusting geometry for rcu_fanout_leaf=16, nr_cpu_ids=2
[    0.004000] NR_IRQS: 524544, nr_irqs: 440, preallocated irqs: 16
[    0.004000] random: crng init done
[    0.004000] Console: colour VGA+ 80x25
[    0.004000] console [tty1] enabled
[    0.004000] console [ttyS0] enabled
[    0.004000] ACPI: Core revision 20170831
[    0.004000] ACPI: 2 ACPI AML tables successfully acquired and loaded
[    0.004000] APIC: Switch to symmetric I/O mode setup
[    0.008000] ..TIMER: vector=0x30 apic1=0 pin1=2 apic2=-1 pin2=-1
[    0.008011] tsc: Detected 2095.966 MHz processor
[    0.012011] Calibrating delay loop (skipped) preset value.. 4191.93 BogoMIPS (lpj=8383864)
[    0.016010] pid_max: default: 32768 minimum: 301
[    0.020141] Security Framework initialized
[    0.024012] Yama: becoming mindful.
[    0.028205] AppArmor: AppArmor initialized
[    0.043046] Dentry cache hash table entries: 131072 (order: 8, 1048576 bytes)
[    0.049540] Inode-cache hash table entries: 65536 (order: 7, 524288 bytes)
[    0.052203] Mount-cache hash table entries: 2048 (order: 2, 16384 bytes)
[    0.056225] Mountpoint-cache hash table entries: 2048 (order: 2, 16384 bytes)
[    0.064811] Last level iTLB entries: 4KB 1024, 2MB 1024, 4MB 512
[    0.068009] Last level dTLB entries: 4KB 1536, 2MB 1536, 4MB 768, 1GB 0
[    0.072010] Spectre V1 : Mitigation: usercopy/swapgs barriers and __user pointer sanitization
[    0.076010] Spectre V2 : Mitigation: Retpolines
[    0.080010] Spectre V2 : Spectre v2 / SpectreRSB mitigation: Filling RSB on context switch
[    0.084008] Spectre V2 : Spectre v2 / SpectreRSB : Filling RSB on VMEXIT
[    0.088009] RETBleed: Vulnerable
[    0.092329] Freeing SMP alternatives memory: 36K
[    0.216880] APIC calibration not consistent with PM-Timer: 103ms instead of 100ms
[    0.220000] APIC delta adjusted to PM-Timer: 6309379 (6502263)
[    0.220612] smpboot: CPU0: AMD Ryzen 5 3500U with Radeon Vega Mobile Gfx (family: 0x17, model: 0x18, stepping: 0x1)
[    0.225078] Performance Events: PMU not available due to virtualization, using software events only.
[    0.228288] Hierarchical SRCU implementation.
[    0.233565] NMI watchdog: Perf event create on CPU 0 failed with -2
[    0.236108] NMI watchdog: Perf NMI watchdog permanently disabled
[    0.240831] smp: Bringing up secondary CPUs ...
[    0.248422] x86: Booting SMP configuration:
[    0.252014] .... node  #0, CPUs:      #1
[    0.004000] kvm-clock: cpu 1, msr 0:3ff44041, secondary cpu clock
[    0.279040] TSC synchronization [CPU#0 -> CPU#1]:
[    0.280000] Measured 98999 cycles TSC warp between CPUs, turning off TSC clock.
[    0.280000] tsc: Marking TSC unstable due to check_tsc_sync_source failed
[    0.284223] smp: Brought up 1 node, 2 CPUs
[    0.288016] smpboot: Max logical packages: 1
[    0.292012] smpboot: Total of 2 processors activated (8383.86 BogoMIPS)
[    0.300420] devtmpfs: initialized
[    0.309075] x86/mm: Memory block size: 128MB
[    0.320942] evm: security.selinux
[    0.332009] evm: security.SMACK64
[    0.344007] evm: security.SMACK64EXEC
[    0.352007] evm: security.SMACK64TRANSMUTE
[    0.364010] evm: security.SMACK64MMAP
[    0.372009] evm: security.apparmor
[    0.380007] evm: security.ima
[    0.384008] evm: security.capability
[    0.396171] clocksource: jiffies: mask: 0xffffffff max_cycles: 0xffffffff, max_idle_ns: 7645041785100000 ns
[    0.400200] futex hash table entries: 512 (order: 3, 32768 bytes)
[    0.404424] pinctrl core: initialized pinctrl subsystem
[    0.410127] RTC time:  8:12:22, date: 08/12/23
[    0.417213] NET: Registered protocol family 16
[    0.420279] audit: initializing netlink subsys (disabled)
[    0.428010] audit: type=2000 audit(1691827947.947:1): state=initialized audit_enabled=0 res=1
[    0.440186] cpuidle: using governor ladder
[    0.448600] cpuidle: using governor menu
[    0.458262] ACPI: bus type PCI registered
[    0.460006] acpiphp: ACPI Hot Plug PCI Controller Driver version: 0.5
[    0.465290] PCI: Using configuration type 1 for base access
[    0.468010] PCI: Using configuration type 1 for extended access
[    0.480972] HugeTLB registered 2.00 MiB page size, pre-allocated 0 pages
[    0.492646] ACPI: Added _OSI(Module Device)
[    0.496013] ACPI: Added _OSI(Processor Device)
[    0.500010] ACPI: Added _OSI(3.0 _SCP Extensions)
[    0.504015] ACPI: Added _OSI(Processor Aggregator Device)
[    0.508012] ACPI: Added _OSI(Linux-Dell-Video)
[    0.512015] ACPI: Added _OSI(Linux-Lenovo-NV-HDMI-Audio)
[    0.516012] ACPI: Added _OSI(Linux-HPI-Hybrid-Graphics)
[    0.524375] ACPI: Executed 1 blocks of module-level executable AML code
[    0.541355] ACPI: Interpreter enabled
[    0.544041] ACPI: (supports S0 S5)
[    0.548009] ACPI: Using IOAPIC for interrupt routing
[    0.552740] PCI: Using host bridge windows from ACPI; if necessary, use "pci=nocrs" and report a bug
[    0.560431] ACPI: Enabled 2 GPEs in block 00 to 07
[    0.584000] ACPI: PCI Root Bridge [PCI0] (domain 0000 [bus 00-ff])
[    0.584026] acpi PNP0A03:00: _OSC: OS supports [ExtendedConfig ASPM ClockPM Segments MSI]
[    0.593365] acpi PNP0A03:00: _OSC: platform does not support [PCIeCapability]
[    0.597305] acpi PNP0A03:00: _OSC: not requesting control; platform does not support [PCIeCapability]
[    0.600014] acpi PNP0A03:00: _OSC: OS requested [PCIeHotplug PME AER PCIeCapability]
[    0.604013] acpi PNP0A03:00: _OSC: platform willing to grant [PCIeHotplug PME AER]
[    0.608014] acpi PNP0A03:00: _OSC failed (AE_SUPPORT); disabling ASPM
[    0.613392] PCI host bridge to bus 0000:00
[    0.616016] pci_bus 0000:00: root bus resource [io  0x0000-0x0cf7 window]
[    0.620014] pci_bus 0000:00: root bus resource [io  0x0d00-0xffff window]
[    0.624010] pci_bus 0000:00: root bus resource [mem 0x000a0000-0x000bffff window]
[    0.628013] pci_bus 0000:00: root bus resource [mem 0x40000000-0xfdffffff window]
[    0.632014] pci_bus 0000:00: root bus resource [bus 00-ff]
[    0.650132] pci 0000:00:01.1: legacy IDE quirk: reg 0x10: [io  0x01f0-0x01f7]
[    0.652016] pci 0000:00:01.1: legacy IDE quirk: reg 0x14: [io  0x03f6]
[    0.656014] pci 0000:00:01.1: legacy IDE quirk: reg 0x18: [io  0x0170-0x0177]
[    0.660013] pci 0000:00:01.1: legacy IDE quirk: reg 0x1c: [io  0x0376]
[    0.701393] pci 0000:00:07.0: quirk: [io  0x4000-0x403f] claimed by PIIX4 ACPI
[    0.704070] pci 0000:00:07.0: quirk: [io  0x4100-0x410f] claimed by PIIX4 SMB
[    0.736000] ACPI: PCI Interrupt Link [LNKA] (IRQs 5 9 10 *11)
[    0.740782] ACPI: PCI Interrupt Link [LNKB] (IRQs 5 9 *10 11)
[    0.744459] ACPI: PCI Interrupt Link [LNKC] (IRQs 5 *9 10 11)
[    0.748370] ACPI: PCI Interrupt Link [LNKD] (IRQs 5 9 10 *11)
[    0.758262] SCSI subsystem initialized
[    0.760831] pci 0000:00:02.0: vgaarb: setting as boot VGA device
[    0.764000] pci 0000:00:02.0: vgaarb: VGA device added: decodes=io+mem,owns=io+mem,locks=none
[    0.764014] pci 0000:00:02.0: vgaarb: bridge control possible
[    0.768010] vgaarb: loaded
[    0.772135] ACPI: bus type USB registered
[    0.776126] usbcore: registered new interface driver usbfs
[    0.780044] usbcore: registered new interface driver hub
[    0.784037] usbcore: registered new device driver usb
[    0.788348] EDAC MC: Ver: 3.0.0
[    0.800824] PCI: Using ACPI for IRQ routing
[    0.814081] NetLabel: Initializing
[    0.820005] NetLabel:  domain hash size = 128
[    0.828009] NetLabel:  protocols = UNLABELED CIPSOv4 CALIPSO
[    0.836220] NetLabel:  unlabeled traffic allowed by default
[    0.853068] clocksource: Switched to clocksource kvm-clock
[    0.883124] VFS: Disk quotas dquot_6.6.0
[    0.883124] VFS: Dquot-cache hash table entries: 512 (order 0, 4096 bytes)
[    0.883124] AppArmor: AppArmor Filesystem Enabled
[    0.883124] pnp: PnP ACPI init
[    0.883124] pnp: PnP ACPI: found 3 devices
[    1.100434] clocksource: acpi_pm: mask: 0xffffff max_cycles: 0xffffff, max_idle_ns: 2085701024 ns
[    1.104342] NET: Registered protocol family 2
[    1.104342] IP idents hash table entries: 16384 (order: 5, 131072 bytes)
[    1.132769] TCP established hash table entries: 8192 (order: 4, 65536 bytes)
[    1.146750] TCP bind hash table entries: 8192 (order: 5, 131072 bytes)
[    1.149897] TCP: Hash tables configured (established 8192 bind 8192)
[    1.149897] UDP hash table entries: 512 (order: 2, 16384 bytes)
[    1.149897] UDP-Lite hash table entries: 512 (order: 2, 16384 bytes)
[    1.149897] NET: Registered protocol family 1
[    1.149897] pci 0000:00:00.0: Limiting direct PCI/PCI transfers
[    1.149897] pci 0000:00:01.0: Activating ISA DMA hang workarounds
[    1.149897] pci 0000:00:02.0: Video device with shadowed ROM at [mem 0x000c0000-0x000dffff]
[    1.149897] Unpacking initramfs...
[    2.381873] Freeing initrd memory: 19528K
[    2.391455] clocksource: tsc: mask: 0xffffffffffffffff max_cycles: 0x1e364dd37af, max_idle_ns: 440795310267 ns
[    2.409627] platform rtc_cmos: registered platform RTC device (no PNP device found)
[    2.420191] Scanning for low memory corruption every 60 seconds
[    2.435567] Initialise system trusted keyrings
[    2.441971] Key type blacklist registered
[    2.450155] workingset: timestamp_bits=36 max_order=18 bucket_order=0
[    2.469596] zbud: loaded
[    2.475660] squashfs: version 4.0 (2009/01/31) Phillip Lougher
[    2.490272] fuse init (API version 7.26)
[    2.564751] Key type asymmetric registered
[    2.571440] Asymmetric key parser 'x509' registered
[    2.579914] Block layer SCSI generic (bsg) driver version 0.4 loaded (major 246)
[    2.593315] io scheduler noop registered
[    2.602893] io scheduler deadline registered
[    2.612873] io scheduler cfq registered (default)
[    2.624111] ACPI: AC Adapter [AC] (on-line)
[    2.633576] input: Power Button as /devices/LNXSYSTM:00/LNXPWRBN:00/input/input0
[    2.647952] ACPI: Power Button [PWRF]
[    2.655984] input: Sleep Button as /devices/LNXSYSTM:00/LNXSLPBN:00/input/input1
[    2.669276] ACPI: Sleep Button [SLPF]
[    2.681079] Serial: 8250/16550 driver, 32 ports, IRQ sharing enabled
[    2.684175] ACPI: Battery Slot [BAT0] (battery present)
[    2.742244] 00:02: ttyS0 at I/O 0x3f8 (irq = 4, base_baud = 115200) is a 16550A
[    2.791031] Linux agpgart interface v0.103
[    2.827814] loop: module loaded
[    2.840463] scsi host0: ata_piix
[    2.849395] scsi host1: ata_piix
[    2.855121] ata1: PATA max UDMA/33 cmd 0x1f0 ctl 0x3f6 bmdma 0xd000 irq 14
[    2.858879] ata2: PATA max UDMA/33 cmd 0x170 ctl 0x376 bmdma 0xd008 irq 15
[    2.876031] tun: Universal TUN/TAP device driver, 1.6
[    2.884200] PPP generic driver version 2.4.2
[    2.891033] ehci_hcd: USB 2.0 'Enhanced' Host Controller (EHCI) Driver
[    2.900894] ehci-pci: EHCI PCI platform driver
[    2.909232] ehci-platform: EHCI generic platform driver
[    2.917203] ohci_hcd: USB 1.1 'Open' Host Controller (OHCI) Driver
[    2.931446] ohci-pci: OHCI PCI platform driver
[    2.939891] ohci-platform: OHCI generic platform driver
[    2.950709] uhci_hcd: USB Universal Host Controller Interface driver
[    2.963084] i8042: PNP: PS/2 Controller [PNP0303:PS2K,PNP0f03:PS2M] at 0x60,0x64 irq 1,12
[    2.980875] serio: i8042 KBD port at 0x60,0x64 irq 1
[    2.990477] serio: i8042 AUX port at 0x60,0x64 irq 12
[    3.002538] mousedev: PS/2 mouse device common for all mice
[    3.018551] rtc_cmos rtc_cmos: rtc core: registered rtc_cmos as rtc0
[    3.029934] input: AT Translated Set 2 keyboard as /devices/platform/i8042/serio0/input/input2
[    3.030654] rtc_cmos rtc_cmos: alarms up to one day, 114 bytes nvram
[    3.059106] i2c /dev entries driver
[    3.066929] device-mapper: uevent: version 1.0.3
[    3.103821] device-mapper: ioctl: 4.37.0-ioctl (2017-09-20) initialised: dm-devel@redhat.com
[    3.149156] ledtrig-cpu: registered to indicate activity on CPUs
[    3.161700] NET: Registered protocol family 10
[    3.196367] Segment Routing with IPv6
[    3.201805] NET: Registered protocol family 17
[    3.212827] Key type dns_resolver registered
[    3.221238] mce: Using 0 MCE banks
[    3.229033] RAS: Correctable Errors collector initialized.
[    3.242441] sched_clock: Marking stable (3242302829, 0)->(4953322026, -1711019197)
[    3.264106] registered taskstats version 1
[    3.272458] Loading compiled-in X.509 certificates
[    3.290908] Loaded X.509 cert 'Build time autogenerated kernel key: b5b26778eaa3ab3a4a6cee031137706e947d12ad'
[    3.309146] Loaded X.509 cert 'Canonical Ltd. Live Patch Signing: 14df34d1a87cf37625abec039ef2bf521249b969'
[    3.327634] Loaded X.509 cert 'Canonical Ltd. Kernel Module Signing: 88f752e560a1e0737e31163a466ad7b70a850c19'
[    3.344736] blacklist: Loading compiled-in revocation X.509 certificates
[    3.353943] Loaded X.509 cert 'Canonical Ltd. Secure Boot Signing: 61482aa2830d0ab2ad5af10b7250da9033ddcef0'
[    3.371094] Loaded X.509 cert 'Canonical Ltd. Secure Boot Signing (2017): 242ade75ac4a15e50d50c84b0d45ff3eae707a03'
[    3.389681] Loaded X.509 cert 'Canonical Ltd. Secure Boot Signing (ESM 2018): 365188c1d374d6b07c3c8f240f8ef722433d6a8b'
[    3.406143] Loaded X.509 cert 'Canonical Ltd. Secure Boot Signing (2019): c0746fd6c5da3ae827864651ad66ae47fe24b3e8'
[    3.421533] Loaded X.509 cert 'Canonical Ltd. Secure Boot Signing (2021 v1): a8d54bbb3825cfb94fa13c9f8a594a195c107b8d'
[    3.443342] Loaded X.509 cert 'Canonical Ltd. Secure Boot Signing (2021 v2): 4cf046892d6fd3c9a5b03f98d845f90851dc6a8c'
[    3.460055] Loaded X.509 cert 'Canonical Ltd. Secure Boot Signing (2021 v3): 100437bb6de6e469b581e61cd66bce3ef4ed53af'
[    3.481186] Loaded X.509 cert 'Canonical Ltd. Secure Boot Signing (Ubuntu Core 2019): c1d57b8f6b743f23ee41f4f7ee292f06eecadfb9'
[    3.501382] zswap: loaded using pool lzo/zbud
[    3.530727] Key type big_key registered
[    3.538434] Key type trusted registered
[    3.554273] Key type encrypted registered
[    3.562704] AppArmor: AppArmor sha1 policy hashing enabled
[    3.571537] ima: No TPM chip found, activating TPM-bypass! (rc=-19)
[    3.585004] ima: Allocated hash algorithm: sha1
[    3.594368] evm: HMAC attrs: 0x1
[    3.601505]   Magic number: 3:927:219
[    3.608633] rtc_cmos rtc_cmos: setting system clock to 2023-08-12 08:12:25 UTC (1691827945)
[    3.623493] BIOS EDD facility v0.16 2004-Jun-25, 0 devices found
[    3.632891] EDD information not available.
[    3.643986] Freeing unused kernel image memory: 2480K
[    3.674912] Write protecting the kernel read-only data: 20480k
[    3.687248] Freeing unused kernel image memory: 2008K
[    3.698324] Freeing unused kernel image memory: 1820K
[    3.716096] x86/mm: Checked W+X mappings: passed, no W+X pages found.
Loading, please wait...
starting version 237
[    3.879363] e1000: Intel(R) PRO/1000 Network Driver - version 7.3.21-k8-NAPI
[    3.891640] e1000: Copyright (c) 1999-2006 Intel Corporation.
[    3.909437] Fusion MPT base driver 3.04.20
[    3.917750] Copyright (c) 1999-2008 LSI Corporation
[    3.942369] Fusion MPT SPI Host driver 3.04.20
[    4.021313] SSE version of gcm_enc/dec engaged.
[    4.203560] input: ImExPS/2 Generic Explorer Mouse as /devices/platform/i8042/serio1/input/input4
[    5.378499] e1000 0000:00:03.0 eth0: (PCI:33MHz:32-bit) 02:3b:7b:b7:3b:2d
[    5.387833] e1000 0000:00:03.0 eth0: Intel(R) PRO/1000 Network Connection
[    5.401719] mptbase: ioc0: Initiating bringup
[    5.768047] ioc0: LSI53C1030 A0: Capabilities={Initiator}
[    6.843767] scsi host2: ioc0: LSI53C1030 A0, FwRev=00000000h, Ports=1, MaxQ=256, IRQ=20
[    7.034776] scsi 2:0:0:0: Direct-Access     VBOX     HARDDISK         1.0  PQ: 0 ANSI: 5
[    7.080363] scsi target2:0:0: Beginning Domain Validation
[    7.120538] scsi target2:0:0: Domain Validation skipping write tests
[    7.137266] scsi target2:0:0: Ending Domain Validation
[    7.152521] scsi target2:0:0: asynchronous
[    7.167060] scsi 2:0:1:0: Direct-Access     VBOX     HARDDISK         1.0  PQ: 0 ANSI: 5
[    7.540501] scsi target2:0:1: Beginning Domain Validation
[    7.588389] scsi target2:0:1: Domain Validation skipping write tests
[    7.601793] scsi target2:0:1: Ending Domain Validation
[    7.611930] scsi target2:0:1: asynchronous
[    7.646395] sd 2:0:0:0: Attached scsi generic sg0 type 0
[    7.656868] sd 2:0:0:0: [sda] 83886080 512-byte logical blocks: (42.9 GB/40.0 GiB)
[    7.671406] sd 2:0:1:0: Attached scsi generic sg1 type 0
[    7.682393] sd 2:0:0:0: [sda] Write Protect is off
[    7.696655] sd 2:0:1:0: [sdb] 20480 512-byte logical blocks: (10.5 MB/10.0 MiB)
[    7.712406] sd 2:0:0:0: [sda] Incomplete mode parameter data
[    7.726130] sd 2:0:0:0: [sda] Assuming drive cache: write through
[    7.739447] sd 2:0:1:0: [sdb] Write Protect is off
[    7.751850] sd 2:0:1:0: [sdb] Incomplete mode parameter data
[    7.763005] sd 2:0:1:0: [sdb] Assuming drive cache: write through
[    7.780076]  sda: sda1
[    7.816583] sd 2:0:1:0: [sdb] Attached SCSI disk
[    7.827867] sd 2:0:0:0: [sda] Attached SCSI disk
[    8.167142] e1000 0000:00:08.0 eth1: (PCI:33MHz:32-bit) 08:00:27:11:e0:fc
[    8.180781] e1000 0000:00:08.0 eth1: Intel(R) PRO/1000 Network Connection
[    8.195668] e1000 0000:00:03.0 enp0s3: renamed from eth0
[    8.218055] e1000 0000:00:08.0 enp0s8: renamed from eth1
[  992.918616] INFO: rcu_sched self-detected stall on CPU
[  992.918743] INFO: rcu_sched self-detected stall on CPU
[  992.920198] 	1-...!: (1 GPs behind) idle=f02/140000000000001/0 softirq=450/451 fqs=0 
[  992.962390] 	
[  992.962485] 	0-...!: (1 ticks this GP) idle=d6a/1/0 softirq=1405/1405 fqs=0 
[  992.963109]  (t=246172 jiffies g=-104 c=-105 q=93)
[  992.965814] 	 (t=246172 jiffies g=-104 c=-105 q=93)
[  992.981499] rcu_sched kthread starved for 246172 jiffies! g18446744073709551512 c18446744073709551511 f0x0 RCU_GP_WAIT_FQS(3) ->state=0x402 ->cpu=0
[  992.990541] rcu_sched kthread starved for 246172 jiffies! g18446744073709551512 c18446744073709551511 f0x0 RCU_GP_WAIT_FQS(3) ->state=0x402 ->cpu=0
[  993.000100] rcu_sched       I    0     8      2 0x80000000
[  993.023904] rcu_sched       I    0     8      2 0x80000000
[  993.047865] Call Trace:
[  993.058052] Call Trace:
[  993.073325]  __schedule+0x24e/0x890
[  993.073335]  schedule+0x2c/0x80
[  993.077734]  __schedule+0x24e/0x890
[  993.084947]  schedule_timeout+0x15d/0x370
[  993.091824]  schedule+0x2c/0x80
[  993.102680]  ? __next_timer_interrupt+0xe0/0xe0
[  993.109136]  schedule_timeout+0x15d/0x370
[  993.116455]  rcu_gp_kthread+0x53a/0x980
[  993.124841]  ? __next_timer_interrupt+0xe0/0xe0
[  993.133436]  kthread+0x121/0x140
[  993.141572]  rcu_gp_kthread+0x53a/0x980
[  993.150000]  ? rcu_note_context_switch+0x150/0x150
[  993.155439]  kthread+0x121/0x140
[  993.163970]  ? kthread_create_worker_on_cpu+0x70/0x70
[  993.163975]  ret_from_fork+0x35/0x40
[  993.173192]  ? rcu_note_context_switch+0x150/0x150
[  993.182090] Sending NMI from CPU 1 to CPUs 0:
[  993.189847]  ? kthread_create_worker_on_cpu+0x70/0x70
[  993.202628] NMI backtrace for cpu 0
[  993.202741] CPU: 0 PID: 0 Comm: swapper/0 Not tainted 4.15.0-212-generic #223-Ubuntu
[  993.202742] Hardware name: innotek GmbH VirtualBox/VirtualBox, BIOS VirtualBox 12/01/2006
[  993.202743] RIP: 0010:io_serial_out+0x1a/0x20
[  993.202743] RSP: 0018:ffff8a3e3fc03b00 EFLAGS: 00010002
[  993.202744] RAX: 000000000000005b RBX: ffffffff88f16e60 RCX: 0000000000000000
[  993.202745] RDX: 00000000000003f8 RSI: 0000000000000000 RDI: ffffffff88f16e60
[  993.202746] RBP: ffff8a3e3fc03b00 R08: 0000000000000000 R09: 0000000000000007
[  993.202746] R10: 0000000000000000 R11: ffffffff88d6a80d R12: 000000000000005b
[  993.202747] R13: ffffffff88d6a836 R14: ffffffff88d6a801 R15: ffffffff88f16e60
[  993.202747] FS:  0000000000000000(0000) GS:ffff8a3e3fc00000(0000) knlGS:0000000000000000
[  993.202748] CS:  0010 DS: 0000 ES: 0000 CR0: 0000000080050033
[  993.202748] CR2: 00007f871cecf6e8 CR3: 000000003693e000 CR4: 00000000000006f0
[  993.202749] Call Trace:
[  993.202749]  <IRQ>
[  993.202749]  serial8250_console_putchar+0x2d/0x40
[  993.202750]  ? wait_for_xmitr+0xb0/0xb0
[  993.202750]  uart_console_write+0x4c/0x60
[  993.202750]  serial8250_console_write+0x10a/0x2a0
[  993.202751]  ? msg_print_text+0x80/0x100
[  993.202751]  univ8250_console_write+0x21/0x30
[  993.202751]  console_unlock+0x3cf/0x560
[  993.202752]  vprintk_emit+0x134/0x2c0
[  993.202752]  ? kthread_create_worker_on_cpu+0x70/0x70
[  993.202753]  vprintk_default+0x29/0x50
[  993.202753]  vprintk_func+0x47/0xc0
[  993.202753]  printk+0x52/0x6e
[  993.202754]  ? kernel_text_address+0xe8/0xf0
[  993.202754]  ? kthread_create_worker_on_cpu+0x70/0x70
[  993.202754]  ? kthread_create_worker_on_cpu+0x70/0x70
[  993.202755]  show_trace_log_lvl+0x179/0x3d0
[  993.202755]  ? kthread_create_worker_on_cpu+0x70/0x70
[  993.202755]  ? ret_from_fork+0x35/0x40
[  993.202756]  show_stack+0x34/0x50
[  993.202756]  sched_show_task+0xfe/0x130
[  993.202756]  rcu_check_gp_kthread_starvation+0xad/0xc0
[  993.202757]  rcu_check_callbacks+0x6c5/0x8e0
[  993.202757]  ? tick_sched_do_timer+0x50/0x50
[  993.202757]  update_process_times+0x2f/0x60
[  993.202758]  tick_sched_handle+0x26/0x70
[  993.202758]  ? tick_sched_do_timer+0x50/0x50
[  993.202759]  tick_sched_timer+0x39/0x80
[  993.202759]  __hrtimer_run_queues+0xdf/0x230
[  993.202759]  hrtimer_interrupt+0x97/0x180
[  993.202760]  smp_apic_timer_interrupt+0x6f/0x140
[  993.202760]  apic_timer_interrupt+0x90/0xa0
[  993.202760]  </IRQ>
[  993.202819] RIP: 0010:native_safe_halt+0x12/0x20
[  993.202821] RSP: 0018:ffffffff88803e28 EFLAGS: 00010246 ORIG_RAX: ffffffffffffff11
[  993.202822] RAX: ffffffff87dcfa40 RBX: 0000000000000000 RCX: 0000000000000000
[  993.202823] RDX: 0000000000000000 RSI: 0000000000000000 RDI: 0000000000000000
[  993.202823] RBP: ffffffff88803e28 R08: 0000000000000002 R09: 0000000000000002
[  993.202824] R10: 0000000000000000 R11: 00000000000004c6 R12: 0000000000000000
[  993.202824] R13: 0000000000000000 R14: 0000000000000000 R15: 0000000000000000
[  993.202825]  ? __sched_text_end+0x1/0x1
[  993.202825]  default_idle+0x20/0x100
[  993.202825]  arch_cpu_idle+0x15/0x20
[  993.202826]  default_idle_call+0x23/0x30
[  993.202826]  do_idle+0x172/0x1f0
[  993.202827]  cpu_startup_entry+0x73/0x80
[  993.202827]  rest_init+0xae/0xb0
[  993.202827]  start_kernel+0x4c9/0x4ed
[  993.202828]  x86_64_start_reservations+0x24/0x26
[  993.202828]  x86_64_start_kernel+0x8e/0x91
[  993.202829]  secondary_startup_64+0xa5/0xb0
[  993.202829] Code: 55 48 89 e5 d3 e6 01 f2 ec 0f b6 c0 5d c3 0f 1f 00 0f 1f 44 00 00 0f b6 8f a1 00 00 00 89 d0 8b 57 08 55 48 89 e5 d3 e6 01 f2 ee <5d> c3 0f 1f 40 00 0f 1f 44 00 00 0f b6 87 a2 00 00 00 55 48 c7 
[  993.202839] INFO: NMI handler (nmi_cpu_backtrace_handler) took too long to run: 4.647 msecs
[  993.202842] NMI backtrace for cpu 1
[  993.212070]  ret_from_fork+0x35/0x40
[  993.220037] CPU: 1 PID: 149 Comm: systemd-udevd Not tainted 4.15.0-212-generic #223-Ubuntu
[  993.904521] Hardware name: innotek GmbH VirtualBox/VirtualBox, BIOS VirtualBox 12/01/2006
[  993.918408] Call Trace:
[  993.923467]  <IRQ>
[  993.927769]  dump_stack+0x6d/0x8b
[  993.934440]  nmi_cpu_backtrace+0x94/0xa0
[  993.944592]  ? lapic_can_unplug_cpu+0xb0/0xb0
[  993.953937]  nmi_trigger_cpumask_backtrace+0xe7/0x130
[  993.964672]  arch_trigger_cpumask_backtrace+0x19/0x20
[  993.974412]  rcu_dump_cpu_stacks+0xa3/0xd5
[  993.982694]  rcu_check_callbacks+0x6cd/0x8e0
[  993.991894]  ? tick_sched_do_timer+0x50/0x50
[  994.001497]  update_process_times+0x2f/0x60
[  994.009508]  tick_sched_handle+0x26/0x70
[  994.016459]  ? tick_sched_do_timer+0x42/0x50
[  994.024519]  tick_sched_timer+0x39/0x80
[  994.031293]  __hrtimer_run_queues+0xdf/0x230
[  994.038926]  hrtimer_interrupt+0x97/0x180
[  994.045406]  smp_apic_timer_interrupt+0x6f/0x140
[  994.052604]  apic_timer_interrupt+0x90/0xa0
[  994.058440]  </IRQ>
[  994.061963] RIP: 0010:get_signal+0x46/0x7a0
[  994.067914] RSP: 0018:ffffa6e18045bda8 EFLAGS: 00010246 ORIG_RAX: ffffffffffffff11
[  994.078720] RAX: ffff8a3e398e0000 RBX: ffffa6e18045bf58 RCX: ffff8a3e398f8800
[  994.088696] RDX: ffff8a3e398e0000 RSI: 0000000000000004 RDI: ffffa6e18045be30
[  994.098324] RBP: ffffa6e18045be00 R08: ffff8a3e39a42510 R09: ffff8a3e3689e000
[  994.108912] R10: 0000000000000000 R11: 0000000000000000 R12: ffffa6e18045bf58
[  994.120066] R13: 0000000000000000 R14: 0000000000000000 R15: ffffa6e18045be30
[  994.133659]  ? dev_attr_show+0x23/0x60
[  994.140554]  do_signal+0x37/0x720
[  994.146749]  ? kernfs_fop_read+0x137/0x180
[  994.154517]  ? security_file_permission+0xa1/0xc0
[  994.161423]  ? __vfs_read+0x1b/0x40
[  994.166656]  ? vfs_read+0x8e/0x130
[  994.172017]  exit_to_usermode_loop+0x73/0xd0
[  994.178284]  do_syscall_64+0x121/0x130
[  994.183980]  entry_SYSCALL_64_after_hwframe+0x59/0xbe
[  994.191862] RIP: 0033:0x7f871cbf0031
[  994.197589] RSP: 002b:00007ffe070fc038 EFLAGS: 00000246 ORIG_RAX: 0000000000000000
[  994.211075] RAX: fffffffffffffdff RBX: 000055d5cbe00eb0 RCX: 00007f871cbf0031
[  994.223879] RDX: 0000000000001000 RSI: 000055d5cbe0a960 RDI: 0000000000000005
[  994.234329] RBP: 00007f871cec82a0 R08: 0000000000000077 R09: 0000000000000000
[  994.244692] R10: 000055d5cbddc010 R11: 0000000000000246 R12: 000055d5cbe0a960
[  994.255184] R13: 0000000000001001 R14: 0000000000000d68 R15: 0000000000001001
[  994.266254] NMI backtrace for cpu 0
[  994.272376] CPU: 0 PID: 0 Comm: swapper/0 Not tainted 4.15.0-212-generic #223-Ubuntu
[  994.286951] Hardware name: innotek GmbH VirtualBox/VirtualBox, BIOS VirtualBox 12/01/2006
[  994.300820] Call Trace:
[  994.304840]  <IRQ>
[  994.308220]  dump_stack+0x6d/0x8b
[  994.313027]  nmi_cpu_backtrace+0x94/0xa0
[  994.318847]  ? lapic_can_unplug_cpu+0xb0/0xb0
[  994.325452]  nmi_trigger_cpumask_backtrace+0xe7/0x130
[  994.332879]  arch_trigger_cpumask_backtrace+0x19/0x20
[  994.341899]  rcu_dump_cpu_stacks+0xa3/0xd5
[  994.349342]  rcu_check_callbacks+0x6cd/0x8e0
[  994.356428]  ? tick_sched_do_timer+0x50/0x50
[  994.362761]  update_process_times+0x2f/0x60
[  994.369394]  tick_sched_handle+0x26/0x70
[  994.377634]  ? tick_sched_do_timer+0x50/0x50
[  994.385705]  tick_sched_timer+0x39/0x80
[  994.393618]  __hrtimer_run_queues+0xdf/0x230
[  994.400944]  hrtimer_interrupt+0x97/0x180
[  994.408230]  smp_apic_timer_interrupt+0x6f/0x140
[  994.417433]  apic_timer_interrupt+0x90/0xa0
[  994.426467]  </IRQ>
[  994.430976] RIP: 0010:native_safe_halt+0x12/0x20
[  994.441051] RSP: 0018:ffffffff88803e28 EFLAGS: 00010246 ORIG_RAX: ffffffffffffff11
[  994.457707] RAX: ffffffff87dcfa40 RBX: 0000000000000000 RCX: 0000000000000000
[  994.470824] RDX: 0000000000000000 RSI: 0000000000000000 RDI: 0000000000000000
[  994.485720] RBP: ffffffff88803e28 R08: 0000000000000002 R09: 0000000000000002
[  994.500333] R10: 0000000000000000 R11: 00000000000004c6 R12: 0000000000000000
[  994.515189] R13: 0000000000000000 R14: 0000000000000000 R15: 0000000000000000
[  994.531121]  ? __sched_text_end+0x1/0x1
[  994.539835]  default_idle+0x20/0x100
[  994.546528]  arch_cpu_idle+0x15/0x20
[  994.554188]  default_idle_call+0x23/0x30
[  994.563389]  do_idle+0x172/0x1f0
[  994.570091]  cpu_startup_entry+0x73/0x80
[  994.577256]  rest_init+0xae/0xb0
[  994.583109]  start_kernel+0x4c9/0x4ed
[  994.590064]  x86_64_start_reservations+0x24/0x26
[  994.598916]  x86_64_start_kernel+0x8e/0x91
[  994.606796]  secondary_startup_64+0xa5/0xb0
[  994.614450] Sending NMI from CPU 0 to CPUs 1:
Begin: Loading essential drivers ... [ 1007.400390] raid6: sse2x1   gen()  4400 MB/s
[ 1007.456321] raid6: sse2x1   xor()  3235 MB/s
[ 1007.512435] raid6: sse2x2   gen()  8487 MB/s
[ 1007.568446] raid6: sse2x2   xor()  4915 MB/s
[ 1007.624718] raid6: sse2x4   gen()  6616 MB/s
[ 1007.680338] raid6: sse2x4   xor()  5069 MB/s
[ 1007.689539] raid6: using algorithm sse2x2 gen() 8487 MB/s
[ 1007.700801] raid6: .... xor() 4915 MB/s, rmw enabled
[ 1007.711860] raid6: using ssse3x2 recovery algorithm
[ 1007.725786] xor: measuring software checksum speed
[ 1007.772406]    prefetch64-sse:  7701.000 MB/sec
[ 1007.820474]    generic_sse:  8466.000 MB/sec
[ 1007.831195] xor: using function: generic_sse (8466.000 MB/sec)
[ 1007.850581] async_tx: api initialized (async)
done.
Begin: Running /scripts/init-premount ... done.
Begin: Mounting root file system ... Begin: Running /scripts/local-top ... done.
Begin: Running /scripts/local-premount ... [ 1008.154203] Btrfs loaded, crc32c=crc32c-intel
Scanning for Btrfs filesystems
done.
Warning: fsck not present, so skipping root file system
[ 1008.334226] EXT4-fs (sda1): mounted filesystem with ordered data mode. Opts: (null)
done.
Begin: Running /scripts/local-bottom ... done.
Begin: Running /scripts/init-bottom ... done.
[ 1009.006714] ip_tables: (C) 2000-2006 Netfilter Core Team
[ 1009.094675] systemd[1]: systemd 237 running in system mode. (+PAM +AUDIT +SELINUX +IMA +APPARMOR +SMACK +SYSVINIT +UTMP +LIBCRYPTSETUP +GCRYPT +GNUTLS +ACL +XZ +LZ4 +SECCOMP +BLKID +ELFUTILS +KMOD -IDN2 +IDN -PCRE2 default-hierarchy=hybrid)
[ 1009.137489] systemd[1]: Detected virtualization oracle.
[ 1009.146709] systemd[1]: Detected architecture x86-64.

Welcome to [1mUbuntu 18.04.6 LTS[0m!

[ 1009.244422] systemd[1]: Set hostname to <ubuntu>.
[ 1009.269255] systemd[1]: Initializing machine ID from random generator.
[ 1009.281329] systemd[1]: Installed transient /etc/machine-id file.
[ 1010.121089] systemd[1]: Started Forward Password Requests to Wall Directory Watch.
[[0;32m  OK  [0m] Started Forward Password Requests to Wall Directory Watch.
[ 1010.147915] systemd[1]: Reached target System Time Synchronized.
[[0;32m  OK  [0m] Reached target System Time Synchronized.
[ 1010.200547] systemd[1]: Created slice System Slice.
[[0;32m  OK  [0m] Created slice System Slice.
[ 1010.220048] systemd[1]: Listening on udev Kernel Socket.
[[0;32m  OK  [0m] Listening on udev Kernel Socket.
[[0;32m  OK  [0m] Listening on Journal Socket (/dev/log).
[[0;32m  OK  [0m] Listening on fsck to fsckd communication Socket.
[[0;32m  OK  [0m] Listening on Network Service Netlink Socket.
[[0;32m  OK  [0m] Listening on udev Control Socket.
[[0;32m  OK  [0m] Listening on /dev/initctl Compatibility Named Pipe.
[[0;32m  OK  [0m] Listening on LVM2 metadata daemon socket.
[[0;32m  OK  [0m] Reached target Swap.
[[0;32m  OK  [0m] Reached target Mounting snaps.
[[0;32m  OK  [0m] Reached target Mounted snaps.
[[0;32m  OK  [0m] Listening on Device-mapper event daemon FIFOs.
[[0;32m  OK  [0m] Reached target User and Group Name Lookups.
[[0;32m  OK  [0m] Listening on Journal Audit Socket.
[[0;32m  OK  [0m] Created slice system-serial\x2dgetty.slice.
[[0;32m  OK  [0m] Listening on LVM2 poll daemon socket.
[[0;32m  OK  [0m] Listening on Journal Socket.
         Starting udev Coldplug all Devices...
         Mounting Kernel Debug File System...
         Starting Load Kernel Modules...
         Mounting Huge Pages File System...
         Starting File System Check on Root Device...
         Starting Monitoring of LVM2 mirrors…ng dmeventd or progress polling...
         Starting Create list of required st…ce nodes for the current kernel...
[[0;32m  OK  [0m] Created slice User and Session Slice.[ 1010.576430] Loading iSCSI transport class v2.0-870.

[[0;32m  OK  [0m] Reached target Slices.
[[0;32m  OK  [0m] Listening on Syslog Socket.
         Starting Journal Service...
[[0;32m  OK  [0m] Set up automount Arbitrary Executab…rmats File System Automount Point.
[ 1010.697468] iscsi: registered transport (tcp)
         Mounting POSIX Message Queue File System...
         Starting Set the console keyboard layout...
         Starting Uncomplicated firewall...
[[0;32m  OK  [0m] Mounted Kernel Debug File System.
[[0;32m  OK  [0m] Mounted Huge Pages File System.
[[0;32m  OK  [0m] Started Create list of required sta…vice nodes for the current kernel.
[[0;32m  OK  [0m] Mounted POSIX Message Queue File System.
[[0;32m  OK  [0m] Started Uncomplicated firewall.
[[0;32m  OK  [0m] Started File System Check Daemon to report status.
         Starting Create Static Device Nodes in /dev...
[[0;32m  OK  [0m] Started File System Check on Root Device.
[[0;32m  OK  [0m] Started LVM2 metadata daemon.
         Starting Remount Root and Kernel File Systems...
[[0;32m  OK  [0m] Started Create Static Device Nodes in /dev.
[ 1011.138907] EXT4-fs (sda1): re-mounted. Opts: (null)
[[0;32m  OK  [0m] Started Journal Service.
[[0;32m  OK  [0m] Started Remount Root and Kernel File Systems.
[ 1011.202618] iscsi: registered transport (iser)
[[0;32m  OK  [0m] Started Monitoring of LVM2 mirrors,…sing dmeventd or progress polling.
         Starting Flush Journal to Persistent Storage...
         Starting Load/Save Random Seed...
         Starting udev Kernel Device Manager...
[[0;32m  OK  [0m] Started Load Kernel Modules.
[[0;32m  OK  [0m] Started udev Coldplug all Devices.
[[0;32m  OK  [0m] Started Load/Save Random Seed.
         Starting Apply Kernel Variables...
         Mounting FUSE Control File System...
         Mounting Kernel Configuration File System...
[ 1011.408803] systemd-journald[409]: Received request to flush runtime journal from PID 1
[[0;32m  OK  [0m] Mounted FUSE Control File System.
[[0;32m  OK  [0m] Mounted Kernel Configuration File System.
[[0;32m  OK  [0m] Started Apply Kernel Variables.
[[0;32m  OK  [0m] Started udev Kernel Device Manager.
[[0;32m  OK  [0m] Started Flush Journal to Persistent Storage.
[[0;32m  OK  [0m] Found device /dev/ttyS0.
[[0;32m  OK  [0m] Listening on Load/Save RF Kill Switch Status /dev/rfkill Watch.
[[0;32m  OK  [0m] Started Set the console keyboard layout.
         Mounting Arbitrary Executable File Formats File System...
[[0;32m  OK  [0m] Reached target Local File Systems (Pre).
[[0;32m  OK  [0m] Reached target Local File Systems.
         Starting Create Volatile Files and Directories...
         Starting AppArmor initialization...
         Starting Tell Plymouth To Write Out Runtime Data...
         Starting Set console font and keymap...
         Starting Commit a transient machine-id on disk...
         Starting ebtables ruleset management...
[[0;32m  OK  [0m] Started Dispatch Password Requests to Console Directory Watch.
[[0;32m  OK  [0m] Reached target Local Encrypted Volumes.
[[0;32m  OK  [0m] Mounted Arbitrary Executable File Formats File System.
[[0;32m  OK  [0m] Started Tell Plymouth To Write Out Runtime Data.
[[0;32m  OK  [0m] Started Create Volatile Files and Directories.
         Starting Update UTMP about System Boot/Shutdown...
[[0;32m  OK  [0m] Started Update UTMP about System Boot/Shutdown.
[[0;32m  OK  [0m] Started Commit a transient machine-id on disk.
[[0;32m  OK  [0m] Started ebtables ruleset management.
[[0;32m  OK  [0m] Started AppArmor initialization.
         Starting Load AppArmor profiles managed internally by snapd...
         Starting Initial cloud-init job (pre-networking)...
[[0;32m  OK  [0m] Started Load AppArmor profiles managed internally by snapd.
[[0;32m  OK  [0m] Started Set console font and keymap.
[ 1020.295819] cloud-init[817]: Cloud-init v. 23.1.2-0ubuntu0~18.04.1 running 'init-local' at Sat, 12 Aug 2023 08:29:21 +0000. Up 1019.50 seconds.
[[0;32m  OK  [0m] Started Initial cloud-init job (pre-networking).
[[0;32m  OK  [0m] Reached target Network (Pre).
         Starting Network Service...
[[0;32m  OK  [0m] Started Network Service.
         Starting Network Name Resolution...
         Starting Wait for Network to be Configured...
[[0;32m  OK  [0m] Started Network Name Resolution.
[[0;32m  OK  [0m] Reached target Host and Network Name Lookups.
[[0;32m  OK  [0m] Reached target Network.
[[0;32m  OK  [0m] Started Wait for Network to be Configured.
         Starting Initial cloud-init job (metadata service crawler)...
[ 1023.500099] cloud-init[927]: Cloud-init v. 23.1.2-0ubuntu0~18.04.1 running 'init' at Sat, 12 Aug 2023 08:29:25 +0000. Up 1023.19 seconds.
[ 1023.514206] cloud-init[927]: ci-info: ++++++++++++++++++++++++++++++++++++++Net device info+++++++++++++++++++++++++++++++++++++++
[ 1023.526674] cloud-init[927]: ci-info: +--------+-------+----------------------------+---------------+--------+-------------------+
[ 1023.543213] cloud-init[927]: ci-info: | Device |   Up  |          Address           |      Mask     | Scope  |     Hw-Address    |
[ 1023.562084] cloud-init[927]: ci-info: +--------+-------+----------------------------+---------------+--------+-------------------+
[ 1023.581412] cloud-init[927]: ci-info: | enp0s3 |  True |         10.0.2.15          | 255.255.255.0 | global | 02:3b:7b:b7:3b:2d |
[ 1023.597573] cloud-init[927]: ci-info: | enp0s3 |  True | fe80::3b:7bff:feb7:3b2d/64 |       .       |  link  | 02:3b:7b:b7:3b:2d |
[ 1023.614155] cloud-init[927]: ci-info: | enp0s8 | False |             .              |       .       |   .    | 08:00:27:11:e0:fc |
[ 1023.630112] cloud-init[927]: ci-info: |   lo   |  True |         127.0.0.1          |   255.0.0.0   |  host  |         .         |
[ 1023.645452] cloud-init[927]: ci-info: |   lo   |  True |          ::1/128           |       .       |  host  |         .         |
[ 1023.661776] cloud-init[927]: ci-info: +--------+-------+----------------------------+---------------+--------+-------------------+
[ 1023.677161] cloud-init[927]: ci-info: ++++++++++++++++++++++++++++Route IPv4 info+++++++++++++++++++++++++++++
[ 1023.693487] cloud-init[927]: ci-info: +-------+-------------+----------+-----------------+-----------+-------+
[ 1023.711406] cloud-init[927]: ci-info: | Route | Destination | Gateway  |     Genmask     | Interface | Flags |
[ 1023.730028] cloud-init[927]: ci-info: +-------+-------------+----------+-----------------+-----------+-------+
[ 1023.747395] cloud-init[927]: ci-info: |   0   |   0.0.0.0   | 10.0.2.2 |     0.0.0.0     |   enp0s3  |   UG  |
[ 1023.762649] cloud-init[927]: ci-info: |   1   |   10.0.2.0  | 0.0.0.0  |  255.255.255.0  |   enp0s3  |   U   |
[ 1023.778966] cloud-init[927]: ci-info: |   2   |   10.0.2.2  | 0.0.0.0  | 255.255.255.255 |   enp0s3  |   UH  |
[ 1023.795409] cloud-init[927]: ci-info: +-------+-------------+----------+-----------------+-----------+-------+
[ 1023.812926] cloud-init[927]: ci-info: +++++++++++++++++++Route IPv6 info+++++++++++++++++++
[ 1023.828182] cloud-init[927]: ci-info: +-------+-------------+---------+-----------+-------+
[ 1023.846903] cloud-init[927]: ci-info: | Route | Destination | Gateway | Interface | Flags |
[ 1023.867499] cloud-init[927]: ci-info: +-------+-------------+---------+-----------+-------+
[ 1023.889094] cloud-init[927]: ci-info: |   1   |  fe80::/64  |    ::   |   enp0s3  |   U   |
[ 1023.905485] cloud-init[927]: ci-info: |   3   |    local    |    ::   |   enp0s3  |   U   |
[ 1023.922142] cloud-init[927]: ci-info: |   4   |   ff00::/8  |    ::   |   enp0s3  |   U   |
[ 1023.941614] cloud-init[927]: ci-info: +-------+-------------+---------+-----------+-------+
[ 1025.687876] cloud-init[927]: Generating public/private rsa key pair.
[ 1025.698857] cloud-init[927]: Your identification has been saved in /etc/ssh/ssh_host_rsa_key.
[ 1025.710979] cloud-init[927]: Your public key has been saved in /etc/ssh/ssh_host_rsa_key.pub.
[ 1025.727711] cloud-init[927]: The key fingerprint is:
[ 1025.742220] cloud-init[927]: SHA256:Y35BfEbGyfDZVF5ERnvQRX+bx4imez9CA+6zTvPqSv0 root@ubuntu-bionic
[ 1025.756041] cloud-init[927]: The key's randomart image is:
[ 1025.765799] cloud-init[927]: +---[RSA 2048]----+
[[0;32m  OK  [0m] Started Initial cloud-init job (metadata service crawler).
[[0;32m  OK  [0m] Reached target System Initialization.
[[0;32m  OK  [0m] Started Daily apt download activities.
[[0;32m  OK  [0m] Started Message of the Day.
[[0;32m  OK  [0m] Listening on cloud-init hotplug hook socket.
[[0;32m  OK  [0m] Listening on UUID daemon activation socket.
[[0;32m  OK  [0m] Started ACPI Events Check.
[[0;32m  OK  [0m] Started Ubuntu Advantage Timer for running repeated jobs.
[ 1025.807739]          Starting LXD - unix socket.
[[0;32m  OK  [0m] Started Daily apt upgrade and clean activities.
[[0;32m  OK  [0m] Reached target Paths.
[[0;32m  OK  [0m] Listening on ACPID Listen Socket.
[[0;32m  OK  [0m] Started Discard unused blocks once a week.
[[0;32m  OK  [0m] Listening on D-Bus System Message Bus Socket.
[[0;32m  OK  [0m] Started Daily Cleanup of Temporary Directories.
[[0;32m  OK  [0m] Reached target Timers.
         Starting Socket activation for snappy daemon.
[[0;32m  OK  [0m] Listening on Open-iSCSI iscsid Socket.
[[0;32m  OK  [0m] Reached target Network is Online.
[[0;32m  OK  [0m] Reached target Remote File Systems (Pre).
[[0;32m  OK  [0m] Reached target Remote File Systems.
         Starting Availability of block devices...
[[0;32m  OK  [0m] Reached target Cloud-config availability.
[[0;32m  OK  [0m] Listening on LXD - unix socket.
cloud-init[927]:          Starting Cleanup of Temporary Directories...
[[0;32m  OK  [0m] Started Availability of block devices.
|          .+o.oB@|
[ 1025.891501] cloud-init[[0;32m  OK  [0m] Listening on Socket activation for snappy daemon.
[[0;32m  OK  [0m] Reached target Sockets.
[[0;32m  OK  [0m] Reached target Basic System.
         Starting System Logging Service...
         Starting Dispatcher daemon for systemd-networkd...
[927]: |         . +++ +=|
[[0;32m  OK  [0m] Started D-Bus System Message Bus.
[ 1025.945647] cloud-init[927]: |          o = ..=|
[ 1025.959880] cloud-init[927]: |         ..o . o=|
[ 1025.973899] cloud-init[927]: |        S...o .oo|
[ 1025.985809] cloud-init[927]: |       o o.+o   .|
[ 1025.997916] cloud-init[927]: |        o.*. .   |
[ 1026.010417] cloud-init[927]: |       . oo=o .  |
[ 1026.026281] cloud-init[927]: |        .+*=Eo.. |
[ 1026.036701] cloud-init[927]: +----[SHA256]-----+
[ 1026.048003] cloud-init[927]: Generating public/private dsa key pair.
[ 1026.061233] cloud-init[927]: Your identification has been saved in /etc/ssh/ssh_host_dsa_key.
[ 1026.080087] cloud-init[927]: Your public key has been saved in /etc/ssh/ssh_host_dsa_key.pub.
[ 1026.103695] cloud-init[927]: The key fingerprint is:
[ 1026.115361] cloud-init[927]: SHA256:wGBpi2RKU4B/1PRjTTdBT3SF3A5Cw2hyxth4/cxhw+g root@ubuntu-bionic
[ 1026.134200] cloud-init[927]: The key's randomart image is:
[ 1026.148096] cloud-init[927]: +---[DSA 1024]----+
[[0;32m  OK  [0m] Reached target Login Prompts (Pre).
[ 1026.165500] cloud-init[927]:          Starting LSB: Record successful boot for GRUB...
|..o.o+.  =.*B*oo+|
[ 1026.183890] [[0;32m  OK  [0m] Started Deferred execution scheduler.
         Starting Accounts Service...
         Starting Login Service...
cloud-init[927]: |.oo.+o..+oO.==O..|
[ 1026.250408] cloud-init[927]: |.=.+ .o +*.. *.= |
[ 1026.257318] cloud-init[927]: |. o o  o .  E + .|
[ 1026.263475] cloud-init[927]: |   .    S        |
[ 1026.268787] cloud-init[927]: |                 |
[ 1026.275032] cloud-init[927]: |                 |
[ 1026.278715] cloud-init[927]: |                 |
         Starting LSB: automatic crash report generation...
         Starting LXD - container startup/shutdown...
[ 1026.283025] cloud-init[927]: |                 |
[ 1026.345671] cloud-init[927]: +----[SHA256]-----+
[ 1026.349885] cloud-init[927]: Generating public/private ecdsa key pair.
[ 1026.355563] cloud-init[927]: Your identification has been saved in /etc/ssh/ssh_host_ecdsa_key.
[[0;32m  OK  [0m] Started Regular background program processing daemon.
[ 1026.367005] cloud-init[927]: Your public key has been saved in /etc/ssh/ssh_host_ecdsa_key.pub.
         Starting Permit User Sessions...
[ 1026.404934] cloud-init[927]: The key fingerprint is:
[ 1026.409532] cloud-init[927]: SHA256:0ovRx8vanl/Hfm91GmxF8zY3HrWSl/equyvcAQZQlwI root@ubuntu-bionic
[ 1026.416113] cloud-init[927]: The key's randomart image is:
[ 1026.428307] cloud-init[927]: +---[ECDSA 256]---+
[ 1026.439907] cloud-init[927]: |      E+. ..     |
[ 1026.445751] cloud-init[927]: |        o..    .o|
[ 1026.450448] [[0;32m  OK  [0m] Started irqbalance daemon.
         Starting Virtualbox guest utils...
cloud-init[[0;32m  OK  [0m] Started FUSE filesystem for LXC.
[927]: |         o    ..*|         Starting Pollinate to seed the pseudo random number generator...

[ 1026.551453] cloud-init         Starting Snap Daemon...
[[0;32m  OK  [0m] Started System Logging Service.
[[0;32m  OK  [0m] Started Cleanup of Temporary Directories.
[927]: [[0;32m  OK  [0m] Started Permit User Sessions.
|       o .o  o B*|         Starting Hold until boot process finishes up...

         Starting Terminate Plymouth Boot Screen...
[[0;32m  OK  [0m] Started Hold until boot process finishes up.
[ 1026.648838] cloud-init[927]: |      o S.o. .+oB|
[ 1026.664706] cloud-init[927]: |       + + .. +o+|
[ 1026.680962] cloud-init[927]: |      . ..o. o.+=|
[ 1026.694467] cloud-init[927]: |         oo...ooo|
[ 1026.707330] cloud-init[927]: |        ..+o*= .=|
[ 1026.719876] cloud-init[927]: +----[SHA256]-----+
[ 1026.731688] cloud-init[927]: Generating public/private ed25519 key pair.
[ 1026.745716] cloud-init[927]: Your identification has been saved in /etc/ssh/ssh_host_ed25519_key.
[ 1026.759164] cloud-init[927]: Your public key has been saved in /etc/ssh/ssh_host_ed25519_key.pub.
[ 1026.775574] cloud-init[927]: The key fingerprint is:[[0;32m  OK  [0m] Started Terminate Plymouth Boot Screen.

[ 1026.794316] cloud-init[927]: SHA256:kyrect+43X30dQYAuJfYIWXN8zrowdHQ2S20i3X8T9g root@ubuntu-bionic
[ 1026.810916] cloud-init         Starting Authorization Manager...
[927]: The key's randomart image is:
[[0;32m  OK  [0m] Started Serial Getty on ttyS0.
[ 1026.839853] cloud-init[927]: +--[ED25519 256]--+
         Starting Set console scheme...
[ 1026.882004] cloud-init[927]: |         o+= +.. |
[ 1026.906042] cloud-init[927]: |        o.o B oo.|
[ 1026.928630] cloud-init[927]: |         = = +o.o|
[ 1026.947540] cloud-init[927]: |        o.= .oo=.|
[ 1026.966796] cloud-init[927]: |        So o..o.E|
[ 1026.993470] cloud-init[[0;32m  OK  [0m] Started Set console scheme.
[927]: [[0;32m  OK  [0m] Created slice system-getty.slice.
[[0;32m  OK  [0m] Started Getty on tty1.
[[0;32m  OK  [0m] Reached target Login Prompts.
|       . .+ o  .*|
[ 1027.019079] cloud-init[927]: |    . .  . . . o=|
[ 1027.031492] cloud-init[[0;32m  OK  [0m] Started Login Service.
[927]: |   ..o.  +.. .  o|
[[0;32m  OK  [0m] Started Unattended Upgrades Shutdown.
[ 1027.088154] cloud-init[[0;32m  OK  [0m] Started Authorization Manager.
[[927]: |    .o..+.o . .. |[0;32m  OK  [0m] Started Accounts Service.

[ 1027.128789] cloud-init[927]: +----[SHA256]-----+
[[0;32m  OK  [0m] Started LSB: automatic crash report generation.
[[0;32m  OK  [0m] Started LSB: Record successful boot for GRUB.
[[0;32m  OK  [0m] Started Virtualbox guest utils.
[[0;32m  OK  [0m] Started LXD - container startup/shutdown.
[[0;32m  OK  [0m] Started Dispatcher daemon for systemd-networkd.
[[0;32m  OK  [0m] Started Pollinate to seed the pseudo random number generator.
         Starting OpenBSD Secure Shell server...
[[0;32m  OK  [0m] Started OpenBSD Secure Shell server.
[[0;32m  OK  [0m] Started Snap Daemon.
         Starting Wait until snapd is fully seeded...
         Starting Time & Date Service...
[[0;32m  OK  [0m] Started Time & Date Service.
[[0;32m  OK  [0m] Started Wait until snapd is fully seeded.
         Starting Apply the settings specified in cloud-config...

Ubuntu 18.04.6 LTS ubuntu-bionic ttyS0

ubuntu-bionic login: [ 1033.579589] cloud-init[1325]: Cloud-init v. 23.1.2-0ubuntu0~18.04.1 running 'modules:config' at Sat, 12 Aug 2023 08:29:34 +0000. Up 1032.17 seconds.
ci-info: no authorized SSH keys fingerprints found for user ubuntu.
<14>Aug 12 08:29:36 cloud-init: #############################################################
<14>Aug 12 08:29:36 cloud-init: -----BEGIN SSH HOST KEY FINGERPRINTS-----
<14>Aug 12 08:29:36 cloud-init: 1024 SHA256:wGBpi2RKU4B/1PRjTTdBT3SF3A5Cw2hyxth4/cxhw+g root@ubuntu-bionic (DSA)
<14>Aug 12 08:29:36 cloud-init: 256 SHA256:0ovRx8vanl/Hfm91GmxF8zY3HrWSl/equyvcAQZQlwI root@ubuntu-bionic (ECDSA)
<14>Aug 12 08:29:36 cloud-init: 256 SHA256:kyrect+43X30dQYAuJfYIWXN8zrowdHQ2S20i3X8T9g root@ubuntu-bionic (ED25519)
<14>Aug 12 08:29:36 cloud-init: 2048 SHA256:Y35BfEbGyfDZVF5ERnvQRX+bx4imez9CA+6zTvPqSv0 root@ubuntu-bionic (RSA)
<14>Aug 12 08:29:36 cloud-init: -----END SSH HOST KEY FINGERPRINTS-----
<14>Aug 12 08:29:36 cloud-init: #############################################################
-----BEGIN SSH HOST KEY KEYS-----
ecdsa-sha2-nistp256 AAAAE2VjZHNhLXNoYTItbmlzdHAyNTYAAAAIbmlzdHAyNTYAAABBBDWpZ3HKfNwoh/0QbqwZYL7zpsY8w1CrHBbHSjr/iJn3lvWs1fHOuKbaRpAzOYj0Ma2FHGqaYA/V6K2fga0dMG8= root@ubuntu-bionic
ssh-ed25519 AAAAC3NzaC1lZDI1NTE5AAAAICFhPtCeH9FI5O7XozPJjuKgDM98DGU/kIFHppo9ekjg root@ubuntu-bionic
ssh-rsa AAAAB3NzaC1yc2EAAAADAQABAAABAQC+c8RabGFDMJxW8oBTV/oB1b3Kbed0ohvTeTU6ZE3RudoF9s+0aDVR57zMIvYhK1KLycXMsPefgrG6SZIFqCpibPByNtU5p8U0RYfsH37n5s7/bmfAfBDFJPXmAKKzFeJSx6U1S70t6HQPxHxExB78jXPc/GZ0veN8H0PKKRohaOZbtBZmlQ7QZsdAaSaUfnMZmbb4xElszbMINLnXFusj0lfelj9rB4NvV4DwcOnwtS0pHtMFOREXqOCcMrybMKvcQPqVo/Sq3s1SoGUB1CC/sVZ0K4bIlqH8ANUV/ln8ug4ZO9PnvUcqPrQzf/ZIdwT8WqgqY0KaAsavMkvXHbvT root@ubuntu-bionic
-----END SSH HOST KEY KEYS-----
[ 1034.675650] cloud-init[1364]: Cloud-init v. 23.1.2-0ubuntu0~18.04.1 running 'modules:final' at Sat, 12 Aug 2023 08:29:36 +0000. Up 1034.28 seconds.
[ 1034.677303] cloud-init[1364]: Cloud-init v. 23.1.2-0ubuntu0~18.04.1 finished at Sat, 12 Aug 2023 08:29:36 +0000. Datasource DataSourceNoCloud [seed=/dev/sdb][dsmode=net].  Up 1034.66 seconds
[[0;32m  OK  [0m] Stopped Unattended Upgrades Shutdown.
[[0;32m  OK  [0m] Stopped target Graphical Interface.
         Stopping User Manager for UID 1000...
[[0;32m  OK  [0m] Stopped target Cloud-init target.
[[0;32m  OK  [0m] Closed Load/Save RF Kill Switch Status /dev/rfkill Watch.
         Stopping Session 11 of user vagrant.
[[0;32m  OK  [0m] Stopped Execute cloud user/final scripts.
         Stopping Accounts Service...
         Stopping Session 1 of user vagrant.
[[0;32m  OK  [0m] Stopped target Multi-User System.
         Stopping FUSE filesystem for LXC...
         Stopping LXD - container startup/shutdown...
         Stopping Deferred execution scheduler...
         Stopping LSB: automatic crash report generation...
         Stopping OpenBSD Secure Shell server...
         Stopping D-Bus System Message Bus...
[[0;32m  OK  [0m] Stopped target Login Prompts.
         Stopping Getty on tty1...
[[0;32m  OK  [0m] Stopped target Timers.
[[0;32m  OK  [0m] Stopped Daily Cleanup of Temporary Directories.
[[0;32m  OK  [0m] Stopped Discard unused blocks once a week.
[[0;32m  OK  [0m] Stopped Message of the Day.
[[0;32m  OK  [0m] Stopped Daily apt upgrade and clean activities.
[[0;32m  OK  [0m] Stopped Daily apt download activities.
[[0;32m  OK  [0m] Stopped Ubuntu Advantage Timer for running repeated jobs.
         Stopping Serial Getty on ttyS0...
         Stopping System Logging Service...
         Stopping LSB: Record successful boot for GRUB...
         Stopping Dispatcher daemon for systemd-networkd...
[[0;32m  OK  [0m] Stopped Apply the settings specified in cloud-config.
[[0;32m  OK  [0m] Stopped target Cloud-config availability.
         Stopping Availability of block devices...
[[0;32m  OK  [0m] Stopped target Host and Network Name Lookups.
         Stopping Session 10 of user vagrant.
[[0;32m  OK  [0m] Stopped target Network is Online.
[[0;32m  OK  [0m] Stopped target System Time Synchronized.
         Stopping Regular background program processing daemon...
[[0;32m  OK  [0m] Stopped Wait until snapd is fully seeded.
         Stopping irqbalance daemon...
         Stopping Authorization Manager...
         Stopping Virtualbox guest utils...
[[0;32m  OK  [0m] Stopped Deferred execution scheduler.
[[0;32m  OK  [0m] Stopped Regular background program processing daemon.
[[0;32m  OK  [0m] Stopped Serial Getty on ttyS0.
[[0;32m  OK  [0m] Unmounted /var/lib/lxcfs.
[[0;32m  OK  [0m] Stopped Dispatcher daemon for systemd-networkd.
[[0;32m  OK  [0m] Stopped Getty on tty1.
[[0;32m  OK  [0m] Stopped Accounts Service.
[[0;32m  OK  [0m] Stopped System Logging Service.
[[0;32m  OK  [0m] Stopped irqbalance daemon.
[[0;32m  OK  [0m] Stopped Authorization Manager.
[[0;32m  OK  [0m] Stopped OpenBSD Secure Shell server.
[[0;32m  OK  [0m] Stopped User Manager for UID 1000.
[[0;32m  OK  [0m] Stopped D-Bus System Message Bus.
[[0;32m  OK  [0m] Stopped Availability of block devices.
[[0;32m  OK  [0m] Stopped FUSE filesystem for LXC.
[[0;32m  OK  [0m] Stopped Session 10 of user vagrant.
[[0;32m  OK  [0m] Stopped Session 11 of user vagrant.
[[0;32m  OK  [0m] Removed slice system-getty.slice.
[[0;32m  OK  [0m] Stopped target Login Prompts (Pre).
[[0;32m  OK  [0m] Removed slice system-serial\x2dgetty.slice.
[[0;32m  OK  [0m] Stopped LXD - container startup/shutdown.
[[0;32m  OK  [0m] Stopped LSB: Record successful boot for GRUB.
[[0;32m  OK  [0m] Stopped LSB: automatic crash report generation.
[[0;32m  OK  [0m] Stopped Session 1 of user vagrant.
[[0;32m  OK  [0m] Removed slice User Slice of vagrant.
         Stopping Login Service...
         Stopping Permit User Sessions...
[[0;32m  OK  [0m] Stopped Permit User Sessions.
[[0;32m  OK  [0m] Stopped target Network.
         Stopping Network Name Resolution...
[[0;32m  OK  [0m] Stopped target Remote File Systems.
[[0;32m  OK  [0m] Stopped target Remote File Systems (Pre).
[[0;32m  OK  [0m] Stopped Network Name Resolution.
[[0;32m  OK  [0m] Stopped Login Service.
[[0;32m  OK  [0m] Stopped Virtualbox guest utils.
[[0;32m  OK  [0m] Stopped target Basic System.
[[0;32m  OK  [0m] Stopped target Paths.
[[0;32m  OK  [0m] Stopped ACPI Events Check.
[[0;32m  OK  [0m] Stopped target Slices.
[[0;32m  OK  [0m] Stopped target Sockets.
[[0;32m  OK  [0m] Closed cloud-init hotplug hook socket.
[[0;32m  OK  [0m] Closed Open-iSCSI iscsid Socket.
[[0;32m  OK  [0m] Closed ACPID Listen Socket.
[[0;32m  OK  [0m] Closed Syslog Socket.
[[0;32m  OK  [0m] Closed D-Bus System Message Bus Socket.
[[0;32m  OK  [0m] Closed LXD - unix socket.
[[0;32m  OK  [0m] Closed UUID daemon activation socket.
[[0;32m  OK  [0m] Closed Socket activation for snappy daemon.
[[0;32m  OK  [0m] Stopped target User and Group Name Lookups.
[[0;32m  OK  [0m] Stopped target System Initialization.
[[0;32m  OK  [0m] Stopped Initial cloud-init job (metadata service crawler).
[[0;32m  OK  [0m] Stopped Wait for Network to be Configured.
[[0;32m  OK  [0m] Stopped Commit a transient machine-id on disk.
         Stopping Load/Save Random Seed...
         Stopping Update UTMP about System Boot/Shutdown...
[[0;32m  OK  [0m] Stopped target Local Encrypted Volumes.
[[0;32m  OK  [0m] Stopped Dispatch Password Requests to Console Directory Watch.
[[0;32m  OK  [0m] Stopped Forward Password Requests to Wall Directory Watch.
[[0;32m  OK  [0m] Removed slice User and Session Slice.
         Stopping Network Service...
[[0;32m  OK  [0m] Stopped Load/Save Random Seed.
[[0;32m  OK  [0m] Stopped Update UTMP about System Boot/Shutdown.
[[0;32m  OK  [0m] Stopped Create Volatile Files and Directories.
[[0;32m  OK  [0m] Stopped target Local File Systems.
[[0;32m  OK  [0m] Stopped target Mounted snaps.
[[0;32m  OK  [0m] Stopped target Mounting snaps.
         Unmounting /run/user/1000...
[[0;32m  OK  [0m] Unmounted /run/user/1000.
[[0;32m  OK  [0m] Reached target Unmount All Filesystems.
[[0;32m  OK  [0m] Stopped target Local File Systems (Pre).
         Stopping Monitoring of LVM2 mirrors…ng dmeventd or progress polling...
[[0;32m  OK  [0m] Stopped Create Static Device Nodes in /dev.
[[0;32m  OK  [0m] Stopped target Swap.
[[0;32m  OK  [0m] Stopped Network Service.
[[0;32m  OK  [0m] Stopped Apply Kernel Variables.
[[0;32m  OK  [0m] Stopped Load Kernel Modules.
[[0;32m  OK  [0m] Stopped target Network (Pre).
[[0;32m  OK  [0m] Stopped Initial cloud-init job (pre-networking).
[[0;32m  OK  [0m] Stopped Remount Root and Kernel File Systems.
[[0;32m  OK  [0m] Reached target Shutdown.
[[0;32m  OK  [0m] Reached target Final Step.
         Starting Power-Off...
[[0;32m  OK  [0m] Stopped Monitoring of LVM2 mirrors,…sing dmeventd or progress polling.
         Stopping LVM2 metadata daemon...
[22772.818897] reboot: Power down
